生成启动时间为 2016/5/13 9:59:52。
     1>项目“D:\data\vs\mytest\周末比赛\justTest\justTest\justTest.vcxproj”在节点 2 上(Build 个目标)。
     1>ClCompile:
         C:\Program Files (x86)\softinstall\VS2012\VC\bin\CL.exe /c /ZI /nologo /W3 /WX- /sdl /Od /Oy- /D _MBCS /Gm /EHsc /RTC1 /MDd /GS /fp:precise /Zc:wchar_t /Zc:forScope /Fo"Debug\\" /Fd"Debug\vc110.pdb" /Gd /TP /analyze- /errorReport:prompt main.cpp
         main.cpp
     1>d:\data\vs\mytest\周末比赛\justtest\justtest\main.cpp(8): error C2105: “++”需要左值
     1>已完成生成项目“D:\data\vs\mytest\周末比赛\justTest\justTest\justTest.vcxproj”(Build 个目标)的操作 - 失败。

Build FAILED.

已用时间 00:00:02.26
