生成启动时间为 2015/11/12 16:39:31。
     1>项目“D:\data\vs\mytest\就是为测试用的工程\就是为测试用的工程\就是为测试用的工程.vcxproj”在节点 2 上(Build 个目标)。
     1>ClCompile:
         C:\Program Files (x86)\softinstall\VS2012\VC\bin\CL.exe /c /ZI /nologo /W3 /WX- /sdl /Od /Oy- /D _UNICODE /D UNICODE /Gm /EHsc /RTC1 /MDd /GS /fp:precise /Zc:wchar_t /Zc:forScope /Fo"Debug\\" /Fd"Debug\vc110.pdb" /Gd /TP /analyze- /errorReport:prompt main.cpp
         main.cpp
     1>d:\data\vs\mytest\就是为测试用的工程\就是为测试用的工程\main.cpp(107): error C2668: “A::print”: 对重载函数的调用不明确
                 d:\data\vs\mytest\就是为测试用的工程\就是为测试用的工程\main.cpp(86): 可能是“void A::print(double)”
                 d:\data\vs\mytest\就是为测试用的工程\就是为测试用的工程\main.cpp(83): 或       “void A::print(long)”
                 尝试匹配参数列表“(int)”时
     1>已完成生成项目“D:\data\vs\mytest\就是为测试用的工程\就是为测试用的工程\就是为测试用的工程.vcxproj”(Build 个目标)的操作 - 失败。

Build FAILED.

已用时间 00:00:02.75
